[    50.941] 
X.Org X Server 1.19.2
Release Date: 2017-03-02
[    50.942] X Protocol Version 11, Revision 0
[    50.942] Build Operating System: Linux 4.9.13-1-lts x86_64 
[    50.943] Current Operating System: Linux cc-arch-64 4.10.1-1-ARCH #1 SMP PREEMPT Sun Feb 26 21:08:53 UTC 2017 x86_64
[    50.943] Kernel command line: BOOT_IMAGE=/vmlinuz-linux root=/dev/mapper/VolGroup00-lvolroot rw quiet splash
[    50.944] Build Date: 03 March 2017  06:00:24PM
[    50.944]  
[    50.944] Current version of pixman: 0.34.0
[    50.945] 	Before reporting problems, check http://wiki.x.org
	to make sure that you have the latest version.
[    50.945] Markers: (--) probed, (**) from config file, (==) default setting,
	(++) from command line, (!!) notice, (II) informational,
	(WW) warning, (EE) error, (NI) not implemented, (??) unknown.
[    50.947] (==) Log file: "/home/alex/.local/share/xorg/Xorg.1.log", Time: Tue Mar 14 11:57:58 2017
[    50.947] (==) Using config directory: "/etc/X11/xorg.conf.d"
[    50.948] (==) Using system config directory "/usr/share/X11/xorg.conf.d"
[    50.948] (==) No Layout section.  Using the first Screen section.
[    50.948] (==) No screen section available. Using defaults.
[    50.948] (**) |-->Screen "Default Screen Section" (0)
[    50.948] (**) |   |-->Monitor "<default monitor>"
[    50.948] (==) No monitor specified for screen "Default Screen Section".
	Using a default monitor configuration.
[    50.948] (==) Automatically adding devices
[    50.948] (==) Automatically enabling devices
[    50.948] (==) Automatically adding GPU devices
[    50.948] (==) Max clients allowed: 256, resource mask: 0x1fffff
[    50.948] (WW) The directory "/usr/share/fonts/Type1/" does not exist.
[    50.948] 	Entry deleted from font path.
[    50.948] (==) FontPath set to:
	/usr/share/fonts/misc/,
	/usr/share/fonts/TTF/,
	/usr/share/fonts/OTF/,
	/usr/share/fonts/100dpi/,
	/usr/share/fonts/75dpi/
[    50.948] (==) ModulePath set to "/usr/lib/xorg/modules"
[    50.948] (II) The server relies on udev to provide the list of input devices.
	If no devices become available, reconfigure udev or disable AutoAddDevices.
[    50.948] (II) Loader magic: 0x822d60
[    50.948] (II) Module ABI versions:
[    50.948] 	X.Org ANSI C Emulation: 0.4
[    50.948] 	X.Org Video Driver: 23.0
[    50.948] 	X.Org XInput driver : 24.1
[    50.948] 	X.Org Server Extension : 10.0
[    50.949] (++) using VT number 2

[    50.949] (--) controlling tty is VT number 2, auto-enabling KeepTty
[    50.950] (II) systemd-logind: took control of session /org/freedesktop/login1/session/c2
[    50.951] (II) xfree86: Adding drm device (/dev/dri/card0)
[    50.951] (II) systemd-logind: got fd for /dev/dri/card0 226:0 fd 11 paused 0
[    50.962] (--) PCI:*(0:0:15:0) 15ad:0405:15ad:0405 rev 0, Mem @ 0xe8000000/134217728, 0xfe000000/8388608, I/O @ 0x00001070/16, BIOS @ 0x????????/131072
[    50.962] (II) Open ACPI successful (/var/run/acpid.socket)
[    50.962] (II) LoadModule: "glx"
[    50.962] (II) Loading /usr/lib/xorg/modules/extensions/libglx.so
[    50.963] (II) Module glx: vendor="X.Org Foundation"
[    50.963] 	compiled for 1.19.2, module version = 1.0.0
[    50.963] 	ABI class: X.Org Server Extension, version 10.0
[    50.963] (==) Matched vmware as autoconfigured driver 0
[    50.963] (==) Matched vmware as autoconfigured driver 1
[    50.963] (==) Matched modesetting as autoconfigured driver 2
[    50.963] (==) Matched fbdev as autoconfigured driver 3
[    50.963] (==) Matched vesa as autoconfigured driver 4
[    50.963] (==) Assigned the driver to the xf86ConfigLayout
[    50.963] (II) LoadModule: "vmware"
[    50.963] (II) Loading /usr/lib/xorg/modules/drivers/vmware_drv.so
[    50.976] (II) Module vmware: vendor="X.Org Foundation"
[    50.976] 	compiled for 1.19.0, module version = 13.2.1
[    50.976] 	Module class: X.Org Video Driver
[    50.976] 	ABI class: X.Org Video Driver, version 23.0
[    50.976] (II) LoadModule: "modesetting"
[    50.976] (II) Loading /usr/lib/xorg/modules/drivers/modesetting_drv.so
[    50.976] (II) Module modesetting: vendor="X.Org Foundation"
[    50.976] 	compiled for 1.19.2, module version = 1.19.2
[    50.976] 	Module class: X.Org Video Driver
[    50.976] 	ABI class: X.Org Video Driver, version 23.0
[    50.976] (II) LoadModule: "fbdev"
[    50.976] (II) Loading /usr/lib/xorg/modules/drivers/fbdev_drv.so
[    50.976] (II) Module fbdev: vendor="X.Org Foundation"
[    50.976] 	compiled for 1.19.0, module version = 0.4.4
[    50.976] 	Module class: X.Org Video Driver
[    50.976] 	ABI class: X.Org Video Driver, version 23.0
[    50.976] (II) LoadModule: "vesa"
[    50.976] (II) Loading /usr/lib/xorg/modules/drivers/vesa_drv.so
[    50.976] (II) Module vesa: vendor="X.Org Foundation"
[    50.976] 	compiled for 1.19.0, module version = 2.3.4
[    50.976] 	Module class: X.Org Video Driver
[    50.976] 	ABI class: X.Org Video Driver, version 23.0
[    50.976] (II) vmware: driver for VMware SVGA: vmware0405, vmware0710
[    50.976] (II) modesetting: Driver for Modesetting Kernel Drivers: kms
[    50.976] (II) FBDEV: driver for framebuffer: fbdev
[    50.976] (II) VESA: driver for VESA chipsets: vesa
[    50.976] xf86EnableIOPorts: failed to set IOPL for I/O (Operation not permitted)
[    50.976] (WW) Falling back to old probe method for modesetting
[    50.976] (WW) Falling back to old probe method for fbdev
[    50.976] (II) Loading sub module "fbdevhw"
[    50.976] (II) LoadModule: "fbdevhw"
[    50.976] (II) Loading /usr/lib/xorg/modules/libfbdevhw.so
[    50.976] (II) Module fbdevhw: vendor="X.Org Foundation"
[    50.976] 	compiled for 1.19.2, module version = 0.0.2
[    50.976] 	ABI class: X.Org Video Driver, version 23.0
[    50.976] (EE) open /dev/fb0: Permission denied
[    50.976] (WW) Falling back to old probe method for vesa
[    50.976] (WW) VGA arbiter: cannot open kernel arbiter, no multi-card support
[    50.976] (II) vmware(0): Creating default Display subsection in Screen section
	"Default Screen Section" for depth/fbbpp 24/32
[    50.976] (--) vmware(0): DRM driver version is 2.11.0
[    50.976] (==) vmware(0): Depth 24, (--) framebuffer bpp 32
[    50.976] (==) vmware(0): RGB weight 888
[    50.976] (==) vmware(0): Default visual is TrueColor
[    50.976] (--) vmware(0): Min width 1, Max Width 16384.
[    50.976] (--) vmware(0): Min height 1, Max Height 16384.
[    50.977] (II) vmware(0): Output Virtual1 has no monitor section
[    50.977] (II) vmware(0): Output Virtual2 has no monitor section
[    50.977] (II) vmware(0): Output Virtual3 has no monitor section
[    50.977] (II) vmware(0): Output Virtual4 has no monitor section
[    50.977] (II) vmware(0): Output Virtual5 has no monitor section
[    50.977] (II) vmware(0): Output Virtual6 has no monitor section
[    50.977] (II) vmware(0): Output Virtual7 has no monitor section
[    50.977] (II) vmware(0): Output Virtual8 has no monitor section
[    50.977] (II) vmware(0): Printing probed modes for output Virtual1
[    50.977] (II) vmware(0): Modeline "800x600"x60.0   42.75  800 850 900 950  600 650 700 750 -hsync +vsync (45.0 kHz eP)
[    50.977] (II) vmware(0): Modeline "2560x1600"x60.0  348.50  2560 2752 3032 3504  1600 1603 1609 1658 -hsync +vsync (99.5 kHz e)
[    50.977] (II) vmware(0): Modeline "1920x1440"x60.0  234.00  1920 2048 2256 2600  1440 1441 1444 1500 -hsync +vsync (90.0 kHz e)
[    50.977] (II) vmware(0): Modeline "1856x1392"x60.0  218.25  1856 1952 2176 2528  1392 1393 1396 1439 -hsync +vsync (86.3 kHz e)
[    50.977] (II) vmware(0): Modeline "1792x1344"x60.0  204.75  1792 1920 2120 2448  1344 1345 1348 1394 -hsync +vsync (83.6 kHz e)
[    50.977] (II) vmware(0): Modeline "1920x1200"x59.9  193.25  1920 2056 2256 2592  1200 1203 1209 1245 -hsync +vsync (74.6 kHz e)
[    50.977] (II) vmware(0): Modeline "1600x1200"x60.0  162.00  1600 1664 1856 2160  1200 1201 1204 1250 +hsync +vsync (75.0 kHz e)
[    50.977] (II) vmware(0): Modeline "1680x1050"x60.0  146.25  1680 1784 1960 2240  1050 1053 1059 1089 -hsync +vsync (65.3 kHz e)
[    50.977] (II) vmware(0): Modeline "1400x1050"x60.0  121.75  1400 1488 1632 1864  1050 1053 1057 1089 -hsync +vsync (65.3 kHz e)
[    50.977] (II) vmware(0): Modeline "1280x1024"x60.0  108.00  1280 1328 1440 1688  1024 1025 1028 1066 +hsync +vsync (64.0 kHz e)
[    50.977] (II) vmware(0): Modeline "1440x900"x59.9  106.50  1440 1520 1672 1904  900 903 909 934 -hsync +vsync (55.9 kHz e)
[    50.977] (II) vmware(0): Modeline "1280x960"x60.0  108.00  1280 1376 1488 1800  960 961 964 1000 +hsync +vsync (60.0 kHz e)
[    50.977] (II) vmware(0): Modeline "1360x768"x60.0   85.50  1360 1424 1536 1792  768 771 777 795 +hsync +vsync (47.7 kHz e)
[    50.977] (II) vmware(0): Modeline "1280x800"x59.8   83.50  1280 1352 1480 1680  800 803 809 831 +hsync -vsync (49.7 kHz e)
[    50.977] (II) vmware(0): Modeline "1152x864"x75.0  108.00  1152 1216 1344 1600  864 865 868 900 +hsync +vsync (67.5 kHz e)
[    50.977] (II) vmware(0): Modeline "1280x768"x59.9   79.50  1280 1344 1472 1664  768 771 778 798 -hsync +vsync (47.8 kHz e)
[    50.977] (II) vmware(0): Modeline "1024x768"x60.0   65.00  1024 1048 1184 1344  768 771 777 806 -hsync -vsync (48.4 kHz e)
[    50.977] (II) vmware(0): Modeline "800x600"x60.3   40.00  800 840 968 1056  600 601 605 628 +hsync +vsync (37.9 kHz e)
[    50.977] (II) vmware(0): Modeline "640x480"x59.9   25.18  640 656 752 800  480 489 492 525 -hsync -vsync (31.5 kHz e)
[    50.977] (II) vmware(0): EDID for output Virtual2
[    50.977] (II) vmware(0): EDID for output Virtual3
[    50.977] (II) vmware(0): EDID for output Virtual4
[    50.977] (II) vmware(0): EDID for output Virtual5
[    50.977] (II) vmware(0): EDID for output Virtual6
[    50.977] (II) vmware(0): EDID for output Virtual7
[    50.977] (II) vmware(0): EDID for output Virtual8
[    50.977] (II) vmware(0): Output Virtual1 connected
[    50.977] (II) vmware(0): Output Virtual2 disconnected
[    50.977] (II) vmware(0): Output Virtual3 disconnected
[    50.977] (II) vmware(0): Output Virtual4 disconnected
[    50.977] (II) vmware(0): Output Virtual5 disconnected
[    50.977] (II) vmware(0): Output Virtual6 disconnected
[    50.977] (II) vmware(0): Output Virtual7 disconnected
[    50.977] (II) vmware(0): Output Virtual8 disconnected
[    50.977] (II) vmware(0): Using exact sizes for initial modes
[    50.977] (II) vmware(0): Output Virtual1 using initial mode 800x600 +0+0
[    50.977] (==) vmware(0): DPI set to (96, 96)
[    50.977] (==) vmware(0): Using gamma correction (1.0, 1.0, 1.0)
[    50.977] (II) Loading sub module "fb"
[    50.977] (II) LoadModule: "fb"
[    50.977] (II) Loading /usr/lib/xorg/modules/libfb.so
[    50.977] (II) Module fb: vendor="X.Org Foundation"
[    50.977] 	compiled for 1.19.2, module version = 1.0.0
[    50.977] 	ABI class: X.Org ANSI C Emulation, version 0.4
[    50.977] (II) Loading sub module "dri2"
[    50.977] (II) LoadModule: "dri2"
[    50.977] (II) Module "dri2" already built-in
[    50.977] (II) UnloadModule: "modesetting"
[    50.977] (II) Unloading modesetting
[    50.977] (II) UnloadModule: "fbdev"
[    50.977] (II) Unloading fbdev
[    50.977] (II) UnloadSubModule: "fbdevhw"
[    50.977] (II) Unloading fbdevhw
[    50.977] (II) UnloadModule: "vesa"
[    50.977] (II) Unloading vesa
[    50.977] (==) Depth 24 pixmap format is 32 bpp
[    50.977] (II) vmware(0): Initialized VMWARE_CTRL extension version 0.2
[    50.981] (II) vmware(0): Gallium3D XA version: 2.3.0.
[    50.981] (II) vmware(0): Path of drm device is "/dev/dri/card0".
[    50.981] (II) vmware(0): [DRI2] Setup complete
[    50.981] (II) vmware(0): [DRI2]   DRI driver: vmwgfx
[    50.981] (--) vmware(0): Render acceleration is enabled.
[    50.981] (==) vmware(0): Rendercheck mode is disabled.
[    50.981] (--) vmware(0): Direct rendering (3D) is enabled.
[    50.981] (==) vmware(0): Direct presents are disabled.
[    50.981] (==) vmware(0): Hardware only presents are automatic per scanout.
[    50.981] (==) vmware(0): Backing store enabled
[    50.981] (==) vmware(0): Silken mouse enabled
[    50.981] (II) vmware(0): RandR 1.2 enabled, ignore the following RandR disabled message.
[    50.981] (==) vmware(0): DPMS enabled
[    50.981] (--) RandR disabled
[    50.987] (II) AIGLX: enabled GLX_MESA_copy_sub_buffer
[    50.987] (II) AIGLX: enabled GLX_ARB_create_context
[    50.987] (II) AIGLX: enabled GLX_ARB_create_context_profile
[    50.987] (II) AIGLX: enabled GLX_EXT_create_context_es{,2}_profile
[    50.987] (II) AIGLX: enabled GLX_EXT_framebuffer_sRGB
[    50.988] (II) AIGLX: enabled GLX_ARB_fbconfig_float
[    50.988] (II) AIGLX: enabled GLX_EXT_fbconfig_packed_float
[    50.988] (II) AIGLX: GLX_EXT_texture_from_pixmap backed by buffer objects
[    50.988] (II) AIGLX: Loaded and initialized vmwgfx
[    50.988] (II) GLX: Initialized DRI2 GL provider for screen 0
[    50.991] (II) vmware(0): Setting screen physical size to 211 x 158
[    51.048] (II) config/udev: Adding input device Power Button (/dev/input/event2)
[    51.048] (**) Power Button: Applying InputClass "libinput keyboard catchall"
[    51.048] (**) Power Button: Applying InputClass "system-keyboard"
[    51.048] (II) LoadModule: "libinput"
[    51.048] (II) Loading /usr/lib/xorg/modules/input/libinput_drv.so
[    51.050] (II) Module libinput: vendor="X.Org Foundation"
[    51.050] 	compiled for 1.19.2, module version = 0.25.0
[    51.050] 	Module class: X.Org XInput Driver
[    51.050] 	ABI class: X.Org XInput driver, version 24.1
[    51.050] (II) Using input driver 'libinput' for 'Power Button'
[    51.050] (II) systemd-logind: got fd for /dev/input/event2 13:66 fd 24 paused 0
[    51.050] (**) Power Button: always reports core events
[    51.050] (**) Option "Device" "/dev/input/event2"
[    51.050] (**) Option "_source" "server/udev"
[    51.051] (II) input device 'Power Button', /dev/input/event2 is tagged by udev as: Keyboard
[    51.051] (II) input device 'Power Button', /dev/input/event2 is a keyboard
[    51.051] (**) Option "config_info" "udev:/sys/devices/LNXSYSTM:00/LNXPWRBN:00/input/input3/event2"
[    51.051] (II) XINPUT: Adding extended input device "Power Button" (type: KEYBOARD, id 6)
[    51.051] (**) Option "xkb_layout" "gb"
[    51.065] (II) input device 'Power Button', /dev/input/event2 is tagged by udev as: Keyboard
[    51.065] (II) input device 'Power Button', /dev/input/event2 is a keyboard
[    51.066] (II) config/udev: Adding input device VMware VMware Virtual USB Mouse (/dev/input/event1)
[    51.066] (**) VMware VMware Virtual USB Mouse: Applying InputClass "libinput pointer catchall"
[    51.066] (II) Using input driver 'libinput' for 'VMware VMware Virtual USB Mouse'
[    51.124] (II) systemd-logind: got fd for /dev/input/event1 13:65 fd 27 paused 0
[    51.124] (**) VMware VMware Virtual USB Mouse: always reports core events
[    51.124] (**) Option "Device" "/dev/input/event1"
[    51.124] (**) Option "_source" "server/udev"
[    51.125] (II) input device 'VMware VMware Virtual USB Mouse', /dev/input/event1 is tagged by udev as: Mouse
[    51.125] (II) input device 'VMware VMware Virtual USB Mouse', /dev/input/event1 is a pointer caps
[    51.125] (**) Option "config_info" "udev:/sys/devices/pci0000:00/0000:00:11.0/0000:02:00.0/usb2/2-1/2-1:1.0/0003:0E0F:0003.0001/input/input2/event1"
[    51.125] (II) XINPUT: Adding extended input device "VMware VMware Virtual USB Mouse" (type: MOUSE, id 7)
[    51.125] (**) Option "AccelerationScheme" "none"
[    51.125] (**) VMware VMware Virtual USB Mouse: (accel) selected scheme none/0
[    51.125] (**) VMware VMware Virtual USB Mouse: (accel) acceleration factor: 2.000
[    51.125] (**) VMware VMware Virtual USB Mouse: (accel) acceleration threshold: 4
[    51.126] (II) input device 'VMware VMware Virtual USB Mouse', /dev/input/event1 is tagged by udev as: Mouse
[    51.126] (II) input device 'VMware VMware Virtual USB Mouse', /dev/input/event1 is a pointer caps
[    51.127] (II) config/udev: Adding input device VMware VMware Virtual USB Mouse (/dev/input/mouse0)
[    51.127] (II) No input driver specified, ignoring this device.
[    51.127] (II) This device may have been added with another device file.
[    51.128] (II) config/udev: Adding input device AT Translated Set 2 keyboard (/dev/input/event0)
[    51.128] (**) AT Translated Set 2 keyboard: Applying InputClass "libinput keyboard catchall"
[    51.128] (**) AT Translated Set 2 keyboard: Applying InputClass "system-keyboard"
[    51.128] (II) Using input driver 'libinput' for 'AT Translated Set 2 keyboard'
[    51.129] (II) systemd-logind: got fd for /dev/input/event0 13:64 fd 28 paused 0
[    51.129] (**) AT Translated Set 2 keyboard: always reports core events
[    51.129] (**) Option "Device" "/dev/input/event0"
[    51.129] (**) Option "_source" "server/udev"
[    51.129] (II) input device 'AT Translated Set 2 keyboard', /dev/input/event0 is tagged by udev as: Keyboard
[    51.129] (II) input device 'AT Translated Set 2 keyboard', /dev/input/event0 is a keyboard
[    51.129] (**) Option "config_info" "udev:/sys/devices/platform/i8042/serio0/input/input0/event0"
[    51.129] (II) XINPUT: Adding extended input device "AT Translated Set 2 keyboard" (type: KEYBOARD, id 8)
[    51.129] (**) Option "xkb_layout" "gb"
[    51.130] (II) input device 'AT Translated Set 2 keyboard', /dev/input/event0 is tagged by udev as: Keyboard
[    51.130] (II) input device 'AT Translated Set 2 keyboard', /dev/input/event0 is a keyboard
[    51.130] (II) config/udev: Adding input device VirtualPS/2 VMware VMMouse (/dev/input/event5)
[    51.130] (**) VirtualPS/2 VMware VMMouse: Applying InputClass "libinput pointer catchall"
[    51.130] (II) Using input driver 'libinput' for 'VirtualPS/2 VMware VMMouse'
[    51.131] (II) systemd-logind: got fd for /dev/input/event5 13:69 fd 29 paused 0
[    51.131] (**) VirtualPS/2 VMware VMMouse: always reports core events
[    51.131] (**) Option "Device" "/dev/input/event5"
[    51.131] (**) Option "_source" "server/udev"
[    51.132] (II) input device 'VirtualPS/2 VMware VMMouse', /dev/input/event5 is tagged by udev as: Mouse
[    51.132] (II) input device 'VirtualPS/2 VMware VMMouse', /dev/input/event5 is a pointer caps
[    51.132] (**) Option "config_info" "udev:/sys/devices/platform/i8042/serio1/input/input5/event5"
[    51.132] (II) XINPUT: Adding extended input device "VirtualPS/2 VMware VMMouse" (type: MOUSE, id 9)
[    51.132] (**) Option "AccelerationScheme" "none"
[    51.132] (**) VirtualPS/2 VMware VMMouse: (accel) selected scheme none/0
[    51.132] (**) VirtualPS/2 VMware VMMouse: (accel) acceleration factor: 2.000
[    51.132] (**) VirtualPS/2 VMware VMMouse: (accel) acceleration threshold: 4
[    51.132] (II) input device 'VirtualPS/2 VMware VMMouse', /dev/input/event5 is tagged by udev as: Mouse
[    51.132] (II) input device 'VirtualPS/2 VMware VMMouse', /dev/input/event5 is a pointer caps
[    51.132] (II) config/udev: Adding input device VirtualPS/2 VMware VMMouse (/dev/input/mouse2)
[    51.133] (II) No input driver specified, ignoring this device.
[    51.133] (II) This device may have been added with another device file.
[    51.133] (II) config/udev: Adding input device VirtualPS/2 VMware VMMouse (/dev/input/event4)
[    51.133] (**) VirtualPS/2 VMware VMMouse: Applying InputClass "libinput pointer catchall"
[    51.133] (II) Using input driver 'libinput' for 'VirtualPS/2 VMware VMMouse'
[    51.134] (II) systemd-logind: got fd for /dev/input/event4 13:68 fd 30 paused 0
[    51.134] (**) VirtualPS/2 VMware VMMouse: always reports core events
[    51.134] (**) Option "Device" "/dev/input/event4"
[    51.134] (**) Option "_source" "server/udev"
[    51.134] (II) input device 'VirtualPS/2 VMware VMMouse', /dev/input/event4 is tagged by udev as: Mouse
[    51.134] (II) input device 'VirtualPS/2 VMware VMMouse', /dev/input/event4 is a pointer caps
[    51.134] (**) Option "config_info" "udev:/sys/devices/platform/i8042/serio1/input/input6/event4"
[    51.134] (II) XINPUT: Adding extended input device "VirtualPS/2 VMware VMMouse" (type: MOUSE, id 10)
[    51.134] (**) Option "AccelerationScheme" "none"
[    51.134] (**) VirtualPS/2 VMware VMMouse: (accel) selected scheme none/0
[    51.134] (**) VirtualPS/2 VMware VMMouse: (accel) acceleration factor: 2.000
[    51.134] (**) VirtualPS/2 VMware VMMouse: (accel) acceleration threshold: 4
[    51.135] (II) input device 'VirtualPS/2 VMware VMMouse', /dev/input/event4 is tagged by udev as: Mouse
[    51.135] (II) input device 'VirtualPS/2 VMware VMMouse', /dev/input/event4 is a pointer caps
[    51.135] (II) config/udev: Adding input device VirtualPS/2 VMware VMMouse (/dev/input/mouse1)
[    51.135] (II) No input driver specified, ignoring this device.
[    51.135] (II) This device may have been added with another device file.
[    51.135] (II) config/udev: Adding input device PC Speaker (/dev/input/event3)
[    51.135] (II) No input driver specified, ignoring this device.
[    51.135] (II) This device may have been added with another device file.
